[2025-10-31T09:32:55.529+0000] {local_task_job_runner.py:120} INFO - ::group::Pre task execution logs
[2025-10-31T09:32:55.565+0000] {taskinstance.py:2076} INFO - Dependencies all met for dep_context=non-requeueable deps ti=<TaskInstance: s3_camera_to_infer.wait_s3_latest_jpg manual__2025-10-31T09:32:54.446035+00:00 [queued]>
[2025-10-31T09:32:55.577+0000] {taskinstance.py:2076} INFO - Dependencies all met for dep_context=requeueable deps ti=<TaskInstance: s3_camera_to_infer.wait_s3_latest_jpg manual__2025-10-31T09:32:54.446035+00:00 [queued]>
[2025-10-31T09:32:55.578+0000] {taskinstance.py:2306} INFO - Starting attempt 1 of 1
[2025-10-31T09:32:55.592+0000] {taskinstance.py:2330} INFO - Executing <Task(S3KeySensor): wait_s3_latest_jpg> on 2025-10-31 09:32:54.446035+00:00
[2025-10-31T09:32:55.624+0000] {logging_mixin.py:188} WARNING - /home/***/.local/lib/python3.12/site-packages/***/task/task_runner/standard_task_runner.py:61 DeprecationWarning: This process (pid=444) is multi-threaded, use of fork() may lead to deadlocks in the child.
[2025-10-31T09:32:55.611+0000] {standard_task_runner.py:90} INFO - Running: ['***', 'tasks', 'run', 's3_camera_to_infer', 'wait_s3_latest_jpg', 'manual__2025-10-31T09:32:54.446035+00:00', '--job-id', '4', '--raw', '--subdir', 'DAGS_FOLDER/s3_camera_to_infer.py', '--cfg-path', '/tmp/tmp5cy3_y46']
[2025-10-31T09:32:55.627+0000] {standard_task_runner.py:63} INFO - Started process 445 to run task
[2025-10-31T09:32:55.627+0000] {standard_task_runner.py:91} INFO - Job 4: Subtask wait_s3_latest_jpg
[2025-10-31T09:32:55.775+0000] {task_command.py:426} INFO - Running <TaskInstance: s3_camera_to_infer.wait_s3_latest_jpg manual__2025-10-31T09:32:54.446035+00:00 [running]> on host 32f37ff5877d
[2025-10-31T09:32:55.938+0000] {taskinstance.py:2648} INFO - Exporting env vars: AIRFLOW_CTX_DAG_OWNER='sophie' AIRFLOW_CTX_DAG_ID='s3_camera_to_infer' AIRFLOW_CTX_TASK_ID='wait_s3_latest_jpg' AIRFLOW_CTX_EXECUTION_DATE='2025-10-31T09:32:54.446035+00:00' AIRFLOW_CTX_TRY_NUMBER='1' AIRFLOW_CTX_DAG_RUN_ID='manual__2025-10-31T09:32:54.446035+00:00'
[2025-10-31T09:32:55.939+0000] {taskinstance.py:430} INFO - ::endgroup::
[2025-10-31T09:32:55.959+0000] {baseoperator.py:400} WARNING - S3KeySensor.execute cannot be called outside TaskInstance!
[2025-10-31T09:32:55.960+0000] {s3.py:117} INFO - Poking for key : s3://camera/latest.jpg
[2025-10-31T09:32:56.016+0000] {base.py:84} INFO - Using connection ID 'minio_s3' for task execution.
[2025-10-31T09:32:56.018+0000] {connection_wrapper.py:387} INFO - AWS Connection (conn_id='minio_s3', conn_type='aws') credentials retrieved from extra.
[2025-10-31T09:32:56.030+0000] {logging_mixin.py:188} WARNING - <string>:9 AirflowProviderDeprecationWarning: extra['host'] is deprecated and will be removed in a future release. Please set extra['endpoint_url'] instead
[2025-10-31T09:33:01.542+0000] {s3.py:117} INFO - Poking for key : s3://camera/latest.jpg
[2025-10-31T09:33:04.878+0000] {s3.py:117} INFO - Poking for key : s3://camera/latest.jpg
[2025-10-31T09:33:09.892+0000] {s3.py:117} INFO - Poking for key : s3://camera/latest.jpg
[2025-10-31T09:33:14.895+0000] {s3.py:117} INFO - Poking for key : s3://camera/latest.jpg
[2025-10-31T09:33:19.898+0000] {s3.py:117} INFO - Poking for key : s3://camera/latest.jpg
[2025-10-31T09:33:24.901+0000] {s3.py:117} INFO - Poking for key : s3://camera/latest.jpg
[2025-10-31T09:33:29.903+0000] {s3.py:117} INFO - Poking for key : s3://camera/latest.jpg
[2025-10-31T09:33:34.907+0000] {s3.py:117} INFO - Poking for key : s3://camera/latest.jpg
[2025-10-31T09:33:38.224+0000] {s3.py:117} INFO - Poking for key : s3://camera/latest.jpg
[2025-10-31T09:33:43.228+0000] {s3.py:117} INFO - Poking for key : s3://camera/latest.jpg
[2025-10-31T09:33:48.232+0000] {s3.py:117} INFO - Poking for key : s3://camera/latest.jpg
[2025-10-31T09:33:53.236+0000] {s3.py:117} INFO - Poking for key : s3://camera/latest.jpg
[2025-10-31T09:33:58.247+0000] {s3.py:117} INFO - Poking for key : s3://camera/latest.jpg
[2025-10-31T09:34:03.251+0000] {s3.py:117} INFO - Poking for key : s3://camera/latest.jpg
[2025-10-31T09:34:06.586+0000] {s3.py:117} INFO - Poking for key : s3://camera/latest.jpg
[2025-10-31T09:34:11.591+0000] {s3.py:117} INFO - Poking for key : s3://camera/latest.jpg
[2025-10-31T09:34:16.595+0000] {s3.py:117} INFO - Poking for key : s3://camera/latest.jpg
[2025-10-31T09:34:21.599+0000] {s3.py:117} INFO - Poking for key : s3://camera/latest.jpg
[2025-10-31T09:34:26.604+0000] {s3.py:117} INFO - Poking for key : s3://camera/latest.jpg
[2025-10-31T09:34:31.609+0000] {s3.py:117} INFO - Poking for key : s3://camera/latest.jpg
[2025-10-31T09:34:36.612+0000] {s3.py:117} INFO - Poking for key : s3://camera/latest.jpg
[2025-10-31T09:34:39.978+0000] {s3.py:117} INFO - Poking for key : s3://camera/latest.jpg
[2025-10-31T09:34:44.981+0000] {s3.py:117} INFO - Poking for key : s3://camera/latest.jpg
[2025-10-31T09:34:49.985+0000] {s3.py:117} INFO - Poking for key : s3://camera/latest.jpg
[2025-10-31T09:34:54.988+0000] {s3.py:117} INFO - Poking for key : s3://camera/latest.jpg
[2025-10-31T09:34:59.991+0000] {s3.py:117} INFO - Poking for key : s3://camera/latest.jpg
[2025-10-31T09:35:04.994+0000] {s3.py:117} INFO - Poking for key : s3://camera/latest.jpg
[2025-10-31T09:35:08.361+0000] {s3.py:117} INFO - Poking for key : s3://camera/latest.jpg
[2025-10-31T09:35:13.368+0000] {s3.py:117} INFO - Poking for key : s3://camera/latest.jpg
[2025-10-31T09:35:18.371+0000] {s3.py:117} INFO - Poking for key : s3://camera/latest.jpg
[2025-10-31T09:35:23.375+0000] {s3.py:117} INFO - Poking for key : s3://camera/latest.jpg
[2025-10-31T09:35:28.379+0000] {s3.py:117} INFO - Poking for key : s3://camera/latest.jpg
[2025-10-31T09:35:33.383+0000] {s3.py:117} INFO - Poking for key : s3://camera/latest.jpg
[2025-10-31T09:35:38.386+0000] {s3.py:117} INFO - Poking for key : s3://camera/latest.jpg
[2025-10-31T09:35:41.726+0000] {s3.py:117} INFO - Poking for key : s3://camera/latest.jpg
[2025-10-31T09:35:46.730+0000] {s3.py:117} INFO - Poking for key : s3://camera/latest.jpg
[2025-10-31T09:35:51.732+0000] {s3.py:117} INFO - Poking for key : s3://camera/latest.jpg
[2025-10-31T09:35:56.735+0000] {s3.py:117} INFO - Poking for key : s3://camera/latest.jpg
[2025-10-31T09:36:01.738+0000] {s3.py:117} INFO - Poking for key : s3://camera/latest.jpg
[2025-10-31T09:36:06.741+0000] {s3.py:117} INFO - Poking for key : s3://camera/latest.jpg
[2025-10-31T09:36:10.084+0000] {s3.py:117} INFO - Poking for key : s3://camera/latest.jpg
[2025-10-31T09:36:15.088+0000] {s3.py:117} INFO - Poking for key : s3://camera/latest.jpg
[2025-10-31T09:36:20.092+0000] {s3.py:117} INFO - Poking for key : s3://camera/latest.jpg
[2025-10-31T09:36:25.098+0000] {s3.py:117} INFO - Poking for key : s3://camera/latest.jpg
[2025-10-31T09:36:30.101+0000] {s3.py:117} INFO - Poking for key : s3://camera/latest.jpg
[2025-10-31T09:36:35.104+0000] {s3.py:117} INFO - Poking for key : s3://camera/latest.jpg
[2025-10-31T09:36:40.107+0000] {s3.py:117} INFO - Poking for key : s3://camera/latest.jpg
[2025-10-31T09:36:43.421+0000] {s3.py:117} INFO - Poking for key : s3://camera/latest.jpg
[2025-10-31T09:36:48.424+0000] {s3.py:117} INFO - Poking for key : s3://camera/latest.jpg
[2025-10-31T09:36:53.427+0000] {s3.py:117} INFO - Poking for key : s3://camera/latest.jpg
[2025-10-31T09:36:58.429+0000] {s3.py:117} INFO - Poking for key : s3://camera/latest.jpg
[2025-10-31T09:37:03.432+0000] {s3.py:117} INFO - Poking for key : s3://camera/latest.jpg
[2025-10-31T09:37:08.435+0000] {s3.py:117} INFO - Poking for key : s3://camera/latest.jpg
[2025-10-31T09:37:11.786+0000] {s3.py:117} INFO - Poking for key : s3://camera/latest.jpg
[2025-10-31T09:37:16.789+0000] {s3.py:117} INFO - Poking for key : s3://camera/latest.jpg
[2025-10-31T09:37:21.793+0000] {s3.py:117} INFO - Poking for key : s3://camera/latest.jpg
[2025-10-31T09:37:26.797+0000] {s3.py:117} INFO - Poking for key : s3://camera/latest.jpg
[2025-10-31T09:37:31.802+0000] {s3.py:117} INFO - Poking for key : s3://camera/latest.jpg
[2025-10-31T09:37:36.805+0000] {s3.py:117} INFO - Poking for key : s3://camera/latest.jpg
[2025-10-31T09:37:41.808+0000] {s3.py:117} INFO - Poking for key : s3://camera/latest.jpg
[2025-10-31T09:37:45.186+0000] {s3.py:117} INFO - Poking for key : s3://camera/latest.jpg
[2025-10-31T09:37:50.190+0000] {s3.py:117} INFO - Poking for key : s3://camera/latest.jpg
[2025-10-31T09:37:55.193+0000] {s3.py:117} INFO - Poking for key : s3://camera/latest.jpg
[2025-10-31T09:38:00.197+0000] {s3.py:117} INFO - Poking for key : s3://camera/latest.jpg
[2025-10-31T09:38:05.202+0000] {s3.py:117} INFO - Poking for key : s3://camera/latest.jpg
[2025-10-31T09:38:10.206+0000] {s3.py:117} INFO - Poking for key : s3://camera/latest.jpg
[2025-10-31T09:38:13.571+0000] {s3.py:117} INFO - Poking for key : s3://camera/latest.jpg
[2025-10-31T09:38:18.576+0000] {s3.py:117} INFO - Poking for key : s3://camera/latest.jpg
[2025-10-31T09:38:23.579+0000] {s3.py:117} INFO - Poking for key : s3://camera/latest.jpg
[2025-10-31T09:38:28.583+0000] {s3.py:117} INFO - Poking for key : s3://camera/latest.jpg
[2025-10-31T09:38:33.587+0000] {s3.py:117} INFO - Poking for key : s3://camera/latest.jpg
[2025-10-31T09:38:38.591+0000] {s3.py:117} INFO - Poking for key : s3://camera/latest.jpg
[2025-10-31T09:38:43.594+0000] {s3.py:117} INFO - Poking for key : s3://camera/latest.jpg
[2025-10-31T09:38:46.918+0000] {s3.py:117} INFO - Poking for key : s3://camera/latest.jpg
[2025-10-31T09:38:51.923+0000] {s3.py:117} INFO - Poking for key : s3://camera/latest.jpg
[2025-10-31T09:38:56.927+0000] {s3.py:117} INFO - Poking for key : s3://camera/latest.jpg
[2025-10-31T09:39:01.931+0000] {s3.py:117} INFO - Poking for key : s3://camera/latest.jpg
[2025-10-31T09:39:06.934+0000] {s3.py:117} INFO - Poking for key : s3://camera/latest.jpg
[2025-10-31T09:39:11.938+0000] {s3.py:117} INFO - Poking for key : s3://camera/latest.jpg
[2025-10-31T09:39:15.293+0000] {s3.py:117} INFO - Poking for key : s3://camera/latest.jpg
[2025-10-31T09:39:20.296+0000] {s3.py:117} INFO - Poking for key : s3://camera/latest.jpg
[2025-10-31T09:39:25.298+0000] {s3.py:117} INFO - Poking for key : s3://camera/latest.jpg
[2025-10-31T09:39:30.301+0000] {s3.py:117} INFO - Poking for key : s3://camera/latest.jpg
[2025-10-31T09:39:35.305+0000] {s3.py:117} INFO - Poking for key : s3://camera/latest.jpg
[2025-10-31T09:39:40.309+0000] {s3.py:117} INFO - Poking for key : s3://camera/latest.jpg
[2025-10-31T09:39:45.312+0000] {s3.py:117} INFO - Poking for key : s3://camera/latest.jpg
[2025-10-31T09:39:48.658+0000] {s3.py:117} INFO - Poking for key : s3://camera/latest.jpg
[2025-10-31T09:39:53.661+0000] {s3.py:117} INFO - Poking for key : s3://camera/latest.jpg
[2025-10-31T09:39:58.664+0000] {s3.py:117} INFO - Poking for key : s3://camera/latest.jpg
[2025-10-31T09:40:03.667+0000] {s3.py:117} INFO - Poking for key : s3://camera/latest.jpg
[2025-10-31T09:40:08.671+0000] {s3.py:117} INFO - Poking for key : s3://camera/latest.jpg
[2025-10-31T09:40:13.675+0000] {s3.py:117} INFO - Poking for key : s3://camera/latest.jpg
[2025-10-31T09:40:17.017+0000] {s3.py:117} INFO - Poking for key : s3://camera/latest.jpg
[2025-10-31T09:40:22.021+0000] {s3.py:117} INFO - Poking for key : s3://camera/latest.jpg
[2025-10-31T09:40:27.024+0000] {s3.py:117} INFO - Poking for key : s3://camera/latest.jpg
[2025-10-31T09:40:32.028+0000] {s3.py:117} INFO - Poking for key : s3://camera/latest.jpg
[2025-10-31T09:40:37.031+0000] {s3.py:117} INFO - Poking for key : s3://camera/latest.jpg
[2025-10-31T09:40:42.035+0000] {s3.py:117} INFO - Poking for key : s3://camera/latest.jpg
[2025-10-31T09:40:47.038+0000] {s3.py:117} INFO - Poking for key : s3://camera/latest.jpg
[2025-10-31T09:40:50.399+0000] {s3.py:117} INFO - Poking for key : s3://camera/latest.jpg
[2025-10-31T09:40:55.402+0000] {s3.py:117} INFO - Poking for key : s3://camera/latest.jpg
[2025-10-31T09:41:00.406+0000] {s3.py:117} INFO - Poking for key : s3://camera/latest.jpg
[2025-10-31T09:41:05.409+0000] {s3.py:117} INFO - Poking for key : s3://camera/latest.jpg
[2025-10-31T09:41:10.413+0000] {s3.py:117} INFO - Poking for key : s3://camera/latest.jpg
[2025-10-31T09:41:15.418+0000] {s3.py:117} INFO - Poking for key : s3://camera/latest.jpg
[2025-10-31T09:41:18.800+0000] {s3.py:117} INFO - Poking for key : s3://camera/latest.jpg
[2025-10-31T09:41:23.806+0000] {s3.py:117} INFO - Poking for key : s3://camera/latest.jpg
[2025-10-31T09:41:28.810+0000] {s3.py:117} INFO - Poking for key : s3://camera/latest.jpg
[2025-10-31T09:41:33.814+0000] {s3.py:117} INFO - Poking for key : s3://camera/latest.jpg
[2025-10-31T09:41:38.819+0000] {s3.py:117} INFO - Poking for key : s3://camera/latest.jpg
[2025-10-31T09:41:43.822+0000] {s3.py:117} INFO - Poking for key : s3://camera/latest.jpg
[2025-10-31T09:41:48.835+0000] {s3.py:117} INFO - Poking for key : s3://camera/latest.jpg
[2025-10-31T09:41:52.199+0000] {s3.py:117} INFO - Poking for key : s3://camera/latest.jpg
[2025-10-31T09:41:57.201+0000] {s3.py:117} INFO - Poking for key : s3://camera/latest.jpg
[2025-10-31T09:42:02.204+0000] {s3.py:117} INFO - Poking for key : s3://camera/latest.jpg
[2025-10-31T09:42:07.208+0000] {s3.py:117} INFO - Poking for key : s3://camera/latest.jpg
[2025-10-31T09:42:12.211+0000] {s3.py:117} INFO - Poking for key : s3://camera/latest.jpg
[2025-10-31T09:42:17.216+0000] {s3.py:117} INFO - Poking for key : s3://camera/latest.jpg
[2025-10-31T09:42:20.583+0000] {s3.py:117} INFO - Poking for key : s3://camera/latest.jpg
[2025-10-31T09:42:25.586+0000] {s3.py:117} INFO - Poking for key : s3://camera/latest.jpg
[2025-10-31T09:42:25.589+0000] {taskinstance.py:441} INFO - ::group::Post task execution logs
[2025-10-31T09:42:25.591+0000] {taskinstance.py:2905} ERROR - Task failed with exception
Traceback (most recent call last):
  File "/home/airflow/.local/lib/python3.12/site-packages/airflow/models/taskinstance.py", line 465, in _execute_task
    result = _execute_callable(context=context, **execute_callable_kwargs)
             ^^^^^^^^^^^^^^^^^^^^^^^^^^^^^^^^^^^^^^^^^^^^^^^^^^^^^^^^^^^^^
  File "/home/airflow/.local/lib/python3.12/site-packages/airflow/models/taskinstance.py", line 432, in _execute_callable
    return execute_callable(context=context, **execute_callable_kwargs)
           ^^^^^^^^^^^^^^^^^^^^^^^^^^^^^^^^^^^^^^^^^^^^^^^^^^^^^^^^^^^^
  File "/home/airflow/.local/lib/python3.12/site-packages/airflow/models/baseoperator.py", line 401, in wrapper
    return func(self, *args, **kwargs)
           ^^^^^^^^^^^^^^^^^^^^^^^^^^^
  File "/home/airflow/.local/lib/python3.12/site-packages/airflow/providers/amazon/aws/sensors/s3.py", line 183, in execute
    super().execute(context)
  File "/home/airflow/.local/lib/python3.12/site-packages/airflow/models/baseoperator.py", line 401, in wrapper
    return func(self, *args, **kwargs)
           ^^^^^^^^^^^^^^^^^^^^^^^^^^^
  File "/home/airflow/.local/lib/python3.12/site-packages/airflow/sensors/base.py", line 281, in execute
    raise AirflowSensorTimeout(message)
airflow.exceptions.AirflowSensorTimeout: Sensor has timed out; run duration of 601.0478469270165 seconds exceeds the specified timeout of 600.0.
[2025-10-31T09:42:25.617+0000] {taskinstance.py:1206} INFO - Immediate failure requested. Marking task as FAILED. dag_id=s3_camera_to_infer, task_id=wait_s3_latest_jpg, run_id=manual__2025-10-31T09:32:54.446035+00:00, execution_date=20251031T093254, start_date=20251031T093255, end_date=20251031T094225
[2025-10-31T09:42:25.650+0000] {standard_task_runner.py:110} ERROR - Failed to execute job 4 for task wait_s3_latest_jpg (Sensor has timed out; run duration of 601.0478469270165 seconds exceeds the specified timeout of 600.0.; 445)
[2025-10-31T09:42:25.700+0000] {local_task_job_runner.py:240} INFO - Task exited with return code 1
[2025-10-31T09:42:25.742+0000] {taskinstance.py:3503} INFO - 0 downstream tasks scheduled from follow-on schedule check
[2025-10-31T09:42:25.748+0000] {local_task_job_runner.py:222} INFO - ::endgroup::
