[2025-10-31T09:31:28.636+0000] {local_task_job_runner.py:120} INFO - ::group::Pre task execution logs
[2025-10-31T09:31:28.658+0000] {taskinstance.py:2076} INFO - Dependencies all met for dep_context=non-requeueable deps ti=<TaskInstance: s3_camera_to_infer.wait_s3_latest_jpg scheduled__2025-10-31T00:00:00+00:00 [queued]>
[2025-10-31T09:31:28.667+0000] {taskinstance.py:2076} INFO - Dependencies all met for dep_context=requeueable deps ti=<TaskInstance: s3_camera_to_infer.wait_s3_latest_jpg scheduled__2025-10-31T00:00:00+00:00 [queued]>
[2025-10-31T09:31:28.667+0000] {taskinstance.py:2306} INFO - Starting attempt 1 of 1
[2025-10-31T09:31:28.679+0000] {taskinstance.py:2330} INFO - Executing <Task(S3KeySensor): wait_s3_latest_jpg> on 2025-10-31 00:00:00+00:00
[2025-10-31T09:31:28.687+0000] {standard_task_runner.py:90} INFO - Running: ['***', 'tasks', 'run', 's3_camera_to_infer', 'wait_s3_latest_jpg', 'scheduled__2025-10-31T00:00:00+00:00', '--job-id', '3', '--raw', '--subdir', 'DAGS_FOLDER/s3_camera_to_infer.py', '--cfg-path', '/tmp/tmpy_f10nq2']
[2025-10-31T09:31:28.689+0000] {standard_task_runner.py:91} INFO - Job 3: Subtask wait_s3_latest_jpg
[2025-10-31T09:31:28.690+0000] {logging_mixin.py:188} WARNING - /home/***/.local/lib/python3.12/site-packages/***/task/task_runner/standard_task_runner.py:61 DeprecationWarning: This process (pid=427) is multi-threaded, use of fork() may lead to deadlocks in the child.
[2025-10-31T09:31:28.690+0000] {standard_task_runner.py:63} INFO - Started process 428 to run task
[2025-10-31T09:31:28.753+0000] {task_command.py:426} INFO - Running <TaskInstance: s3_camera_to_infer.wait_s3_latest_jpg scheduled__2025-10-31T00:00:00+00:00 [running]> on host 32f37ff5877d
[2025-10-31T09:31:28.865+0000] {taskinstance.py:2648} INFO - Exporting env vars: AIRFLOW_CTX_DAG_OWNER='sophie' AIRFLOW_CTX_DAG_ID='s3_camera_to_infer' AIRFLOW_CTX_TASK_ID='wait_s3_latest_jpg' AIRFLOW_CTX_EXECUTION_DATE='2025-10-31T00:00:00+00:00' AIRFLOW_CTX_TRY_NUMBER='1' AIRFLOW_CTX_DAG_RUN_ID='scheduled__2025-10-31T00:00:00+00:00'
[2025-10-31T09:31:28.866+0000] {taskinstance.py:430} INFO - ::endgroup::
[2025-10-31T09:31:28.910+0000] {baseoperator.py:400} WARNING - S3KeySensor.execute cannot be called outside TaskInstance!
[2025-10-31T09:31:28.911+0000] {s3.py:117} INFO - Poking for key : s3://camera/latest.jpg
[2025-10-31T09:31:28.959+0000] {base.py:84} INFO - Using connection ID 'minio_s3' for task execution.
[2025-10-31T09:31:28.960+0000] {connection_wrapper.py:387} INFO - AWS Connection (conn_id='minio_s3', conn_type='aws') credentials retrieved from extra.
[2025-10-31T09:31:28.969+0000] {logging_mixin.py:188} WARNING - <string>:9 AirflowProviderDeprecationWarning: extra['host'] is deprecated and will be removed in a future release. Please set extra['endpoint_url'] instead
[2025-10-31T09:31:33.166+0000] {s3.py:117} INFO - Poking for key : s3://camera/latest.jpg
[2025-10-31T09:31:38.171+0000] {s3.py:117} INFO - Poking for key : s3://camera/latest.jpg
[2025-10-31T09:31:43.174+0000] {s3.py:117} INFO - Poking for key : s3://camera/latest.jpg
[2025-10-31T09:31:48.177+0000] {s3.py:117} INFO - Poking for key : s3://camera/latest.jpg
[2025-10-31T09:31:53.181+0000] {s3.py:117} INFO - Poking for key : s3://camera/latest.jpg
[2025-10-31T09:31:58.185+0000] {s3.py:117} INFO - Poking for key : s3://camera/latest.jpg
[2025-10-31T09:32:03.189+0000] {s3.py:117} INFO - Poking for key : s3://camera/latest.jpg
[2025-10-31T09:32:06.511+0000] {s3.py:117} INFO - Poking for key : s3://camera/latest.jpg
[2025-10-31T09:32:11.516+0000] {s3.py:117} INFO - Poking for key : s3://camera/latest.jpg
[2025-10-31T09:32:16.520+0000] {s3.py:117} INFO - Poking for key : s3://camera/latest.jpg
[2025-10-31T09:32:21.524+0000] {s3.py:117} INFO - Poking for key : s3://camera/latest.jpg
[2025-10-31T09:32:26.528+0000] {s3.py:117} INFO - Poking for key : s3://camera/latest.jpg
[2025-10-31T09:32:31.531+0000] {s3.py:117} INFO - Poking for key : s3://camera/latest.jpg
[2025-10-31T09:32:34.875+0000] {s3.py:117} INFO - Poking for key : s3://camera/latest.jpg
[2025-10-31T09:32:39.878+0000] {s3.py:117} INFO - Poking for key : s3://camera/latest.jpg
[2025-10-31T09:32:44.881+0000] {s3.py:117} INFO - Poking for key : s3://camera/latest.jpg
[2025-10-31T09:32:49.884+0000] {s3.py:117} INFO - Poking for key : s3://camera/latest.jpg
[2025-10-31T09:32:54.888+0000] {s3.py:117} INFO - Poking for key : s3://camera/latest.jpg
[2025-10-31T09:32:59.892+0000] {s3.py:117} INFO - Poking for key : s3://camera/latest.jpg
[2025-10-31T09:33:04.894+0000] {s3.py:117} INFO - Poking for key : s3://camera/latest.jpg
[2025-10-31T09:33:08.224+0000] {s3.py:117} INFO - Poking for key : s3://camera/latest.jpg
[2025-10-31T09:33:13.228+0000] {s3.py:117} INFO - Poking for key : s3://camera/latest.jpg
[2025-10-31T09:33:18.231+0000] {s3.py:117} INFO - Poking for key : s3://camera/latest.jpg
[2025-10-31T09:33:23.233+0000] {s3.py:117} INFO - Poking for key : s3://camera/latest.jpg
[2025-10-31T09:33:28.238+0000] {s3.py:117} INFO - Poking for key : s3://camera/latest.jpg
[2025-10-31T09:33:33.241+0000] {s3.py:117} INFO - Poking for key : s3://camera/latest.jpg
[2025-10-31T09:33:36.558+0000] {s3.py:117} INFO - Poking for key : s3://camera/latest.jpg
[2025-10-31T09:33:41.561+0000] {s3.py:117} INFO - Poking for key : s3://camera/latest.jpg
[2025-10-31T09:33:46.564+0000] {s3.py:117} INFO - Poking for key : s3://camera/latest.jpg
[2025-10-31T09:33:51.568+0000] {s3.py:117} INFO - Poking for key : s3://camera/latest.jpg
[2025-10-31T09:33:56.573+0000] {s3.py:117} INFO - Poking for key : s3://camera/latest.jpg
[2025-10-31T09:34:01.576+0000] {s3.py:117} INFO - Poking for key : s3://camera/latest.jpg
[2025-10-31T09:34:06.581+0000] {s3.py:117} INFO - Poking for key : s3://camera/latest.jpg
[2025-10-31T09:34:09.917+0000] {s3.py:117} INFO - Poking for key : s3://camera/latest.jpg
[2025-10-31T09:34:14.920+0000] {s3.py:117} INFO - Poking for key : s3://camera/latest.jpg
[2025-10-31T09:34:19.930+0000] {s3.py:117} INFO - Poking for key : s3://camera/latest.jpg
[2025-10-31T09:34:24.933+0000] {s3.py:117} INFO - Poking for key : s3://camera/latest.jpg
[2025-10-31T09:34:29.937+0000] {s3.py:117} INFO - Poking for key : s3://camera/latest.jpg
[2025-10-31T09:34:34.941+0000] {s3.py:117} INFO - Poking for key : s3://camera/latest.jpg
[2025-10-31T09:34:38.308+0000] {s3.py:117} INFO - Poking for key : s3://camera/latest.jpg
[2025-10-31T09:34:43.312+0000] {s3.py:117} INFO - Poking for key : s3://camera/latest.jpg
[2025-10-31T09:34:48.315+0000] {s3.py:117} INFO - Poking for key : s3://camera/latest.jpg
[2025-10-31T09:34:53.319+0000] {s3.py:117} INFO - Poking for key : s3://camera/latest.jpg
[2025-10-31T09:34:58.323+0000] {s3.py:117} INFO - Poking for key : s3://camera/latest.jpg
[2025-10-31T09:35:03.326+0000] {s3.py:117} INFO - Poking for key : s3://camera/latest.jpg
[2025-10-31T09:35:06.696+0000] {s3.py:117} INFO - Poking for key : s3://camera/latest.jpg
[2025-10-31T09:35:11.699+0000] {s3.py:117} INFO - Poking for key : s3://camera/latest.jpg
[2025-10-31T09:35:16.701+0000] {s3.py:117} INFO - Poking for key : s3://camera/latest.jpg
[2025-10-31T09:35:21.705+0000] {s3.py:117} INFO - Poking for key : s3://camera/latest.jpg
[2025-10-31T09:35:26.708+0000] {s3.py:117} INFO - Poking for key : s3://camera/latest.jpg
[2025-10-31T09:35:31.712+0000] {s3.py:117} INFO - Poking for key : s3://camera/latest.jpg
[2025-10-31T09:35:36.715+0000] {s3.py:117} INFO - Poking for key : s3://camera/latest.jpg
[2025-10-31T09:35:40.056+0000] {s3.py:117} INFO - Poking for key : s3://camera/latest.jpg
[2025-10-31T09:35:45.060+0000] {s3.py:117} INFO - Poking for key : s3://camera/latest.jpg
[2025-10-31T09:35:50.063+0000] {s3.py:117} INFO - Poking for key : s3://camera/latest.jpg
[2025-10-31T09:35:55.067+0000] {s3.py:117} INFO - Poking for key : s3://camera/latest.jpg
[2025-10-31T09:36:00.070+0000] {s3.py:117} INFO - Poking for key : s3://camera/latest.jpg
[2025-10-31T09:36:05.073+0000] {s3.py:117} INFO - Poking for key : s3://camera/latest.jpg
[2025-10-31T09:36:08.417+0000] {s3.py:117} INFO - Poking for key : s3://camera/latest.jpg
[2025-10-31T09:36:13.420+0000] {s3.py:117} INFO - Poking for key : s3://camera/latest.jpg
[2025-10-31T09:36:18.424+0000] {s3.py:117} INFO - Poking for key : s3://camera/latest.jpg
[2025-10-31T09:36:23.429+0000] {s3.py:117} INFO - Poking for key : s3://camera/latest.jpg
[2025-10-31T09:36:28.433+0000] {s3.py:117} INFO - Poking for key : s3://camera/latest.jpg
[2025-10-31T09:36:33.437+0000] {s3.py:117} INFO - Poking for key : s3://camera/latest.jpg
[2025-10-31T09:36:38.441+0000] {s3.py:117} INFO - Poking for key : s3://camera/latest.jpg
[2025-10-31T09:36:41.756+0000] {s3.py:117} INFO - Poking for key : s3://camera/latest.jpg
[2025-10-31T09:36:46.759+0000] {s3.py:117} INFO - Poking for key : s3://camera/latest.jpg
[2025-10-31T09:36:51.762+0000] {s3.py:117} INFO - Poking for key : s3://camera/latest.jpg
[2025-10-31T09:36:56.765+0000] {s3.py:117} INFO - Poking for key : s3://camera/latest.jpg
[2025-10-31T09:37:01.767+0000] {s3.py:117} INFO - Poking for key : s3://camera/latest.jpg
[2025-10-31T09:37:06.770+0000] {s3.py:117} INFO - Poking for key : s3://camera/latest.jpg
[2025-10-31T09:37:10.128+0000] {s3.py:117} INFO - Poking for key : s3://camera/latest.jpg
[2025-10-31T09:37:15.131+0000] {s3.py:117} INFO - Poking for key : s3://camera/latest.jpg
[2025-10-31T09:37:20.135+0000] {s3.py:117} INFO - Poking for key : s3://camera/latest.jpg
[2025-10-31T09:37:25.138+0000] {s3.py:117} INFO - Poking for key : s3://camera/latest.jpg
[2025-10-31T09:37:30.141+0000] {s3.py:117} INFO - Poking for key : s3://camera/latest.jpg
[2025-10-31T09:37:35.146+0000] {s3.py:117} INFO - Poking for key : s3://camera/latest.jpg
[2025-10-31T09:37:40.149+0000] {s3.py:117} INFO - Poking for key : s3://camera/latest.jpg
[2025-10-31T09:37:43.528+0000] {s3.py:117} INFO - Poking for key : s3://camera/latest.jpg
[2025-10-31T09:37:48.534+0000] {s3.py:117} INFO - Poking for key : s3://camera/latest.jpg
[2025-10-31T09:37:53.538+0000] {s3.py:117} INFO - Poking for key : s3://camera/latest.jpg
[2025-10-31T09:37:58.542+0000] {s3.py:117} INFO - Poking for key : s3://camera/latest.jpg
[2025-10-31T09:38:03.547+0000] {s3.py:117} INFO - Poking for key : s3://camera/latest.jpg
[2025-10-31T09:38:08.552+0000] {s3.py:117} INFO - Poking for key : s3://camera/latest.jpg
[2025-10-31T09:38:11.918+0000] {s3.py:117} INFO - Poking for key : s3://camera/latest.jpg
[2025-10-31T09:38:16.923+0000] {s3.py:117} INFO - Poking for key : s3://camera/latest.jpg
[2025-10-31T09:38:21.926+0000] {s3.py:117} INFO - Poking for key : s3://camera/latest.jpg
[2025-10-31T09:38:26.930+0000] {s3.py:117} INFO - Poking for key : s3://camera/latest.jpg
[2025-10-31T09:38:31.933+0000] {s3.py:117} INFO - Poking for key : s3://camera/latest.jpg
[2025-10-31T09:38:36.936+0000] {s3.py:117} INFO - Poking for key : s3://camera/latest.jpg
[2025-10-31T09:38:41.939+0000] {s3.py:117} INFO - Poking for key : s3://camera/latest.jpg
[2025-10-31T09:38:45.264+0000] {s3.py:117} INFO - Poking for key : s3://camera/latest.jpg
[2025-10-31T09:38:50.267+0000] {s3.py:117} INFO - Poking for key : s3://camera/latest.jpg
[2025-10-31T09:38:55.269+0000] {s3.py:117} INFO - Poking for key : s3://camera/latest.jpg
[2025-10-31T09:39:00.274+0000] {s3.py:117} INFO - Poking for key : s3://camera/latest.jpg
[2025-10-31T09:39:05.277+0000] {s3.py:117} INFO - Poking for key : s3://camera/latest.jpg
[2025-10-31T09:39:10.280+0000] {s3.py:117} INFO - Poking for key : s3://camera/latest.jpg
[2025-10-31T09:39:13.635+0000] {s3.py:117} INFO - Poking for key : s3://camera/latest.jpg
[2025-10-31T09:39:18.640+0000] {s3.py:117} INFO - Poking for key : s3://camera/latest.jpg
[2025-10-31T09:39:23.642+0000] {s3.py:117} INFO - Poking for key : s3://camera/latest.jpg
[2025-10-31T09:39:28.646+0000] {s3.py:117} INFO - Poking for key : s3://camera/latest.jpg
[2025-10-31T09:39:33.649+0000] {s3.py:117} INFO - Poking for key : s3://camera/latest.jpg
[2025-10-31T09:39:38.652+0000] {s3.py:117} INFO - Poking for key : s3://camera/latest.jpg
[2025-10-31T09:39:43.656+0000] {s3.py:117} INFO - Poking for key : s3://camera/latest.jpg
[2025-10-31T09:39:47.001+0000] {s3.py:117} INFO - Poking for key : s3://camera/latest.jpg
[2025-10-31T09:39:52.005+0000] {s3.py:117} INFO - Poking for key : s3://camera/latest.jpg
[2025-10-31T09:39:57.009+0000] {s3.py:117} INFO - Poking for key : s3://camera/latest.jpg
[2025-10-31T09:40:02.011+0000] {s3.py:117} INFO - Poking for key : s3://camera/latest.jpg
[2025-10-31T09:40:07.014+0000] {s3.py:117} INFO - Poking for key : s3://camera/latest.jpg
[2025-10-31T09:40:12.018+0000] {s3.py:117} INFO - Poking for key : s3://camera/latest.jpg
[2025-10-31T09:40:15.361+0000] {s3.py:117} INFO - Poking for key : s3://camera/latest.jpg
[2025-10-31T09:40:20.364+0000] {s3.py:117} INFO - Poking for key : s3://camera/latest.jpg
[2025-10-31T09:40:25.370+0000] {s3.py:117} INFO - Poking for key : s3://camera/latest.jpg
[2025-10-31T09:40:30.373+0000] {s3.py:117} INFO - Poking for key : s3://camera/latest.jpg
[2025-10-31T09:40:35.377+0000] {s3.py:117} INFO - Poking for key : s3://camera/latest.jpg
[2025-10-31T09:40:40.380+0000] {s3.py:117} INFO - Poking for key : s3://camera/latest.jpg
[2025-10-31T09:40:45.384+0000] {s3.py:117} INFO - Poking for key : s3://camera/latest.jpg
[2025-10-31T09:40:48.745+0000] {s3.py:117} INFO - Poking for key : s3://camera/latest.jpg
[2025-10-31T09:40:53.748+0000] {s3.py:117} INFO - Poking for key : s3://camera/latest.jpg
[2025-10-31T09:40:58.751+0000] {s3.py:117} INFO - Poking for key : s3://camera/latest.jpg
[2025-10-31T09:40:58.754+0000] {taskinstance.py:441} INFO - ::group::Post task execution logs
[2025-10-31T09:40:58.755+0000] {taskinstance.py:2905} ERROR - Task failed with exception
Traceback (most recent call last):
  File "/home/airflow/.local/lib/python3.12/site-packages/airflow/models/taskinstance.py", line 465, in _execute_task
    result = _execute_callable(context=context, **execute_callable_kwargs)
             ^^^^^^^^^^^^^^^^^^^^^^^^^^^^^^^^^^^^^^^^^^^^^^^^^^^^^^^^^^^^^
  File "/home/airflow/.local/lib/python3.12/site-packages/airflow/models/taskinstance.py", line 432, in _execute_callable
    return execute_callable(context=context, **execute_callable_kwargs)
           ^^^^^^^^^^^^^^^^^^^^^^^^^^^^^^^^^^^^^^^^^^^^^^^^^^^^^^^^^^^^
  File "/home/airflow/.local/lib/python3.12/site-packages/airflow/models/baseoperator.py", line 401, in wrapper
    return func(self, *args, **kwargs)
           ^^^^^^^^^^^^^^^^^^^^^^^^^^^
  File "/home/airflow/.local/lib/python3.12/site-packages/airflow/providers/amazon/aws/sensors/s3.py", line 183, in execute
    super().execute(context)
  File "/home/airflow/.local/lib/python3.12/site-packages/airflow/models/baseoperator.py", line 401, in wrapper
    return func(self, *args, **kwargs)
           ^^^^^^^^^^^^^^^^^^^^^^^^^^^
  File "/home/airflow/.local/lib/python3.12/site-packages/airflow/sensors/base.py", line 281, in execute
    raise AirflowSensorTimeout(message)
airflow.exceptions.AirflowSensorTimeout: Sensor has timed out; run duration of 601.3791695669934 seconds exceeds the specified timeout of 600.0.
[2025-10-31T09:40:58.771+0000] {taskinstance.py:1206} INFO - Immediate failure requested. Marking task as FAILED. dag_id=s3_camera_to_infer, task_id=wait_s3_latest_jpg, run_id=scheduled__2025-10-31T00:00:00+00:00, execution_date=20251031T000000, start_date=20251031T093128, end_date=20251031T094058
[2025-10-31T09:40:58.788+0000] {standard_task_runner.py:110} ERROR - Failed to execute job 3 for task wait_s3_latest_jpg (Sensor has timed out; run duration of 601.3791695669934 seconds exceeds the specified timeout of 600.0.; 428)
[2025-10-31T09:40:58.800+0000] {local_task_job_runner.py:240} INFO - Task exited with return code 1
[2025-10-31T09:40:58.829+0000] {taskinstance.py:3503} INFO - 0 downstream tasks scheduled from follow-on schedule check
[2025-10-31T09:40:58.834+0000] {local_task_job_runner.py:222} INFO - ::endgroup::
