[2025-10-31T09:33:21.582+0000] {local_task_job_runner.py:120} INFO - ::group::Pre task execution logs
[2025-10-31T09:33:21.618+0000] {taskinstance.py:2076} INFO - Dependencies all met for dep_context=non-requeueable deps ti=<TaskInstance: s3_camera_to_infer.wait_s3_latest_jpg manual__2025-10-31T09:33:20.073751+00:00 [queued]>
[2025-10-31T09:33:21.632+0000] {taskinstance.py:2076} INFO - Dependencies all met for dep_context=requeueable deps ti=<TaskInstance: s3_camera_to_infer.wait_s3_latest_jpg manual__2025-10-31T09:33:20.073751+00:00 [queued]>
[2025-10-31T09:33:21.632+0000] {taskinstance.py:2306} INFO - Starting attempt 1 of 1
[2025-10-31T09:33:21.653+0000] {taskinstance.py:2330} INFO - Executing <Task(S3KeySensor): wait_s3_latest_jpg> on 2025-10-31 09:33:20.073751+00:00
[2025-10-31T09:33:21.678+0000] {logging_mixin.py:188} WARNING - /home/***/.local/lib/python3.12/site-packages/***/task/task_runner/standard_task_runner.py:61 DeprecationWarning: This process (pid=451) is multi-threaded, use of fork() may lead to deadlocks in the child.
[2025-10-31T09:33:21.670+0000] {standard_task_runner.py:90} INFO - Running: ['***', 'tasks', 'run', 's3_camera_to_infer', 'wait_s3_latest_jpg', 'manual__2025-10-31T09:33:20.073751+00:00', '--job-id', '5', '--raw', '--subdir', 'DAGS_FOLDER/s3_camera_to_infer.py', '--cfg-path', '/tmp/tmpbx8shexh']
[2025-10-31T09:33:21.681+0000] {standard_task_runner.py:91} INFO - Job 5: Subtask wait_s3_latest_jpg
[2025-10-31T09:33:21.681+0000] {standard_task_runner.py:63} INFO - Started process 452 to run task
[2025-10-31T09:33:21.840+0000] {task_command.py:426} INFO - Running <TaskInstance: s3_camera_to_infer.wait_s3_latest_jpg manual__2025-10-31T09:33:20.073751+00:00 [running]> on host 32f37ff5877d
[2025-10-31T09:33:22.020+0000] {taskinstance.py:2648} INFO - Exporting env vars: AIRFLOW_CTX_DAG_OWNER='sophie' AIRFLOW_CTX_DAG_ID='s3_camera_to_infer' AIRFLOW_CTX_TASK_ID='wait_s3_latest_jpg' AIRFLOW_CTX_EXECUTION_DATE='2025-10-31T09:33:20.073751+00:00' AIRFLOW_CTX_TRY_NUMBER='1' AIRFLOW_CTX_DAG_RUN_ID='manual__2025-10-31T09:33:20.073751+00:00'
[2025-10-31T09:33:22.021+0000] {taskinstance.py:430} INFO - ::endgroup::
[2025-10-31T09:33:22.039+0000] {baseoperator.py:400} WARNING - S3KeySensor.execute cannot be called outside TaskInstance!
[2025-10-31T09:33:22.039+0000] {s3.py:117} INFO - Poking for key : s3://camera/latest.jpg
[2025-10-31T09:33:22.097+0000] {base.py:84} INFO - Using connection ID 'minio_s3' for task execution.
[2025-10-31T09:33:22.098+0000] {connection_wrapper.py:387} INFO - AWS Connection (conn_id='minio_s3', conn_type='aws') credentials retrieved from extra.
[2025-10-31T09:33:22.110+0000] {logging_mixin.py:188} WARNING - <string>:9 AirflowProviderDeprecationWarning: extra['host'] is deprecated and will be removed in a future release. Please set extra['endpoint_url'] instead
[2025-10-31T09:33:27.674+0000] {s3.py:117} INFO - Poking for key : s3://camera/latest.jpg
[2025-10-31T09:33:32.679+0000] {s3.py:117} INFO - Poking for key : s3://camera/latest.jpg
[2025-10-31T09:33:35.996+0000] {s3.py:117} INFO - Poking for key : s3://camera/latest.jpg
[2025-10-31T09:33:41.000+0000] {s3.py:117} INFO - Poking for key : s3://camera/latest.jpg
[2025-10-31T09:33:46.003+0000] {s3.py:117} INFO - Poking for key : s3://camera/latest.jpg
[2025-10-31T09:33:51.009+0000] {s3.py:117} INFO - Poking for key : s3://camera/latest.jpg
[2025-10-31T09:33:56.016+0000] {s3.py:117} INFO - Poking for key : s3://camera/latest.jpg
[2025-10-31T09:34:01.020+0000] {s3.py:117} INFO - Poking for key : s3://camera/latest.jpg
[2025-10-31T09:34:06.024+0000] {s3.py:117} INFO - Poking for key : s3://camera/latest.jpg
[2025-10-31T09:34:09.363+0000] {s3.py:117} INFO - Poking for key : s3://camera/latest.jpg
[2025-10-31T09:34:14.366+0000] {s3.py:117} INFO - Poking for key : s3://camera/latest.jpg
[2025-10-31T09:34:19.369+0000] {s3.py:117} INFO - Poking for key : s3://camera/latest.jpg
[2025-10-31T09:34:24.374+0000] {s3.py:117} INFO - Poking for key : s3://camera/latest.jpg
[2025-10-31T09:34:29.378+0000] {s3.py:117} INFO - Poking for key : s3://camera/latest.jpg
[2025-10-31T09:34:34.382+0000] {s3.py:117} INFO - Poking for key : s3://camera/latest.jpg
[2025-10-31T09:34:37.749+0000] {s3.py:117} INFO - Poking for key : s3://camera/latest.jpg
[2025-10-31T09:34:42.752+0000] {s3.py:117} INFO - Poking for key : s3://camera/latest.jpg
[2025-10-31T09:34:47.755+0000] {s3.py:117} INFO - Poking for key : s3://camera/latest.jpg
[2025-10-31T09:34:52.758+0000] {s3.py:117} INFO - Poking for key : s3://camera/latest.jpg
[2025-10-31T09:34:57.762+0000] {s3.py:117} INFO - Poking for key : s3://camera/latest.jpg
[2025-10-31T09:35:02.765+0000] {s3.py:117} INFO - Poking for key : s3://camera/latest.jpg
[2025-10-31T09:35:07.770+0000] {s3.py:117} INFO - Poking for key : s3://camera/latest.jpg
[2025-10-31T09:35:11.138+0000] {s3.py:117} INFO - Poking for key : s3://camera/latest.jpg
[2025-10-31T09:35:16.141+0000] {s3.py:117} INFO - Poking for key : s3://camera/latest.jpg
[2025-10-31T09:35:21.145+0000] {s3.py:117} INFO - Poking for key : s3://camera/latest.jpg
[2025-10-31T09:35:26.149+0000] {s3.py:117} INFO - Poking for key : s3://camera/latest.jpg
[2025-10-31T09:35:31.153+0000] {s3.py:117} INFO - Poking for key : s3://camera/latest.jpg
[2025-10-31T09:35:36.157+0000] {s3.py:117} INFO - Poking for key : s3://camera/latest.jpg
[2025-10-31T09:35:39.497+0000] {s3.py:117} INFO - Poking for key : s3://camera/latest.jpg
[2025-10-31T09:35:44.501+0000] {s3.py:117} INFO - Poking for key : s3://camera/latest.jpg
[2025-10-31T09:35:49.505+0000] {s3.py:117} INFO - Poking for key : s3://camera/latest.jpg
[2025-10-31T09:35:54.509+0000] {s3.py:117} INFO - Poking for key : s3://camera/latest.jpg
[2025-10-31T09:35:59.512+0000] {s3.py:117} INFO - Poking for key : s3://camera/latest.jpg
[2025-10-31T09:36:04.517+0000] {s3.py:117} INFO - Poking for key : s3://camera/latest.jpg
[2025-10-31T09:36:09.520+0000] {s3.py:117} INFO - Poking for key : s3://camera/latest.jpg
[2025-10-31T09:36:12.863+0000] {s3.py:117} INFO - Poking for key : s3://camera/latest.jpg
[2025-10-31T09:36:17.868+0000] {s3.py:117} INFO - Poking for key : s3://camera/latest.jpg
[2025-10-31T09:36:22.872+0000] {s3.py:117} INFO - Poking for key : s3://camera/latest.jpg
[2025-10-31T09:36:27.876+0000] {s3.py:117} INFO - Poking for key : s3://camera/latest.jpg
[2025-10-31T09:36:32.879+0000] {s3.py:117} INFO - Poking for key : s3://camera/latest.jpg
[2025-10-31T09:36:37.883+0000] {s3.py:117} INFO - Poking for key : s3://camera/latest.jpg
[2025-10-31T09:36:41.197+0000] {s3.py:117} INFO - Poking for key : s3://camera/latest.jpg
[2025-10-31T09:36:46.200+0000] {s3.py:117} INFO - Poking for key : s3://camera/latest.jpg
[2025-10-31T09:36:51.204+0000] {s3.py:117} INFO - Poking for key : s3://camera/latest.jpg
[2025-10-31T09:36:56.208+0000] {s3.py:117} INFO - Poking for key : s3://camera/latest.jpg
[2025-10-31T09:37:01.211+0000] {s3.py:117} INFO - Poking for key : s3://camera/latest.jpg
[2025-10-31T09:37:06.214+0000] {s3.py:117} INFO - Poking for key : s3://camera/latest.jpg
[2025-10-31T09:37:11.216+0000] {s3.py:117} INFO - Poking for key : s3://camera/latest.jpg
[2025-10-31T09:37:14.567+0000] {s3.py:117} INFO - Poking for key : s3://camera/latest.jpg
[2025-10-31T09:37:19.571+0000] {s3.py:117} INFO - Poking for key : s3://camera/latest.jpg
[2025-10-31T09:37:24.573+0000] {s3.py:117} INFO - Poking for key : s3://camera/latest.jpg
[2025-10-31T09:37:29.576+0000] {s3.py:117} INFO - Poking for key : s3://camera/latest.jpg
[2025-10-31T09:37:34.580+0000] {s3.py:117} INFO - Poking for key : s3://camera/latest.jpg
[2025-10-31T09:37:39.582+0000] {s3.py:117} INFO - Poking for key : s3://camera/latest.jpg
[2025-10-31T09:37:42.962+0000] {s3.py:117} INFO - Poking for key : s3://camera/latest.jpg
[2025-10-31T09:37:47.965+0000] {s3.py:117} INFO - Poking for key : s3://camera/latest.jpg
[2025-10-31T09:37:52.969+0000] {s3.py:117} INFO - Poking for key : s3://camera/latest.jpg
[2025-10-31T09:37:57.973+0000] {s3.py:117} INFO - Poking for key : s3://camera/latest.jpg
[2025-10-31T09:38:02.976+0000] {s3.py:117} INFO - Poking for key : s3://camera/latest.jpg
[2025-10-31T09:38:07.980+0000] {s3.py:117} INFO - Poking for key : s3://camera/latest.jpg
[2025-10-31T09:38:12.986+0000] {s3.py:117} INFO - Poking for key : s3://camera/latest.jpg
[2025-10-31T09:38:16.352+0000] {s3.py:117} INFO - Poking for key : s3://camera/latest.jpg
[2025-10-31T09:38:21.355+0000] {s3.py:117} INFO - Poking for key : s3://camera/latest.jpg
[2025-10-31T09:38:26.358+0000] {s3.py:117} INFO - Poking for key : s3://camera/latest.jpg
[2025-10-31T09:38:31.361+0000] {s3.py:117} INFO - Poking for key : s3://camera/latest.jpg
[2025-10-31T09:38:36.365+0000] {s3.py:117} INFO - Poking for key : s3://camera/latest.jpg
[2025-10-31T09:38:41.368+0000] {s3.py:117} INFO - Poking for key : s3://camera/latest.jpg
[2025-10-31T09:38:44.692+0000] {s3.py:117} INFO - Poking for key : s3://camera/latest.jpg
[2025-10-31T09:38:49.695+0000] {s3.py:117} INFO - Poking for key : s3://camera/latest.jpg
[2025-10-31T09:38:54.699+0000] {s3.py:117} INFO - Poking for key : s3://camera/latest.jpg
[2025-10-31T09:38:59.706+0000] {s3.py:117} INFO - Poking for key : s3://camera/latest.jpg
[2025-10-31T09:39:04.709+0000] {s3.py:117} INFO - Poking for key : s3://camera/latest.jpg
[2025-10-31T09:39:09.713+0000] {s3.py:117} INFO - Poking for key : s3://camera/latest.jpg
[2025-10-31T09:39:14.720+0000] {s3.py:117} INFO - Poking for key : s3://camera/latest.jpg
[2025-10-31T09:39:18.076+0000] {s3.py:117} INFO - Poking for key : s3://camera/latest.jpg
[2025-10-31T09:39:23.079+0000] {s3.py:117} INFO - Poking for key : s3://camera/latest.jpg
[2025-10-31T09:39:28.082+0000] {s3.py:117} INFO - Poking for key : s3://camera/latest.jpg
[2025-10-31T09:39:33.086+0000] {s3.py:117} INFO - Poking for key : s3://camera/latest.jpg
[2025-10-31T09:39:38.089+0000] {s3.py:117} INFO - Poking for key : s3://camera/latest.jpg
[2025-10-31T09:39:43.092+0000] {s3.py:117} INFO - Poking for key : s3://camera/latest.jpg
[2025-10-31T09:39:46.437+0000] {s3.py:117} INFO - Poking for key : s3://camera/latest.jpg
[2025-10-31T09:39:51.441+0000] {s3.py:117} INFO - Poking for key : s3://camera/latest.jpg
[2025-10-31T09:39:56.446+0000] {s3.py:117} INFO - Poking for key : s3://camera/latest.jpg
[2025-10-31T09:40:01.450+0000] {s3.py:117} INFO - Poking for key : s3://camera/latest.jpg
[2025-10-31T09:40:06.454+0000] {s3.py:117} INFO - Poking for key : s3://camera/latest.jpg
[2025-10-31T09:40:11.458+0000] {s3.py:117} INFO - Poking for key : s3://camera/latest.jpg
[2025-10-31T09:40:16.461+0000] {s3.py:117} INFO - Poking for key : s3://camera/latest.jpg
[2025-10-31T09:40:19.804+0000] {s3.py:117} INFO - Poking for key : s3://camera/latest.jpg
[2025-10-31T09:40:24.806+0000] {s3.py:117} INFO - Poking for key : s3://camera/latest.jpg
[2025-10-31T09:40:29.809+0000] {s3.py:117} INFO - Poking for key : s3://camera/latest.jpg
[2025-10-31T09:40:34.812+0000] {s3.py:117} INFO - Poking for key : s3://camera/latest.jpg
[2025-10-31T09:40:39.815+0000] {s3.py:117} INFO - Poking for key : s3://camera/latest.jpg
[2025-10-31T09:40:44.819+0000] {s3.py:117} INFO - Poking for key : s3://camera/latest.jpg
[2025-10-31T09:40:48.180+0000] {s3.py:117} INFO - Poking for key : s3://camera/latest.jpg
[2025-10-31T09:40:53.184+0000] {s3.py:117} INFO - Poking for key : s3://camera/latest.jpg
[2025-10-31T09:40:58.186+0000] {s3.py:117} INFO - Poking for key : s3://camera/latest.jpg
[2025-10-31T09:41:03.189+0000] {s3.py:117} INFO - Poking for key : s3://camera/latest.jpg
[2025-10-31T09:41:08.192+0000] {s3.py:117} INFO - Poking for key : s3://camera/latest.jpg
[2025-10-31T09:41:13.194+0000] {s3.py:117} INFO - Poking for key : s3://camera/latest.jpg
[2025-10-31T09:41:18.198+0000] {s3.py:117} INFO - Poking for key : s3://camera/latest.jpg
[2025-10-31T09:41:21.581+0000] {s3.py:117} INFO - Poking for key : s3://camera/latest.jpg
[2025-10-31T09:41:26.585+0000] {s3.py:117} INFO - Poking for key : s3://camera/latest.jpg
[2025-10-31T09:41:31.588+0000] {s3.py:117} INFO - Poking for key : s3://camera/latest.jpg
[2025-10-31T09:41:36.592+0000] {s3.py:117} INFO - Poking for key : s3://camera/latest.jpg
[2025-10-31T09:41:41.600+0000] {s3.py:117} INFO - Poking for key : s3://camera/latest.jpg
[2025-10-31T09:41:46.609+0000] {s3.py:117} INFO - Poking for key : s3://camera/latest.jpg
[2025-10-31T09:41:49.973+0000] {s3.py:117} INFO - Poking for key : s3://camera/latest.jpg
[2025-10-31T09:41:54.978+0000] {s3.py:117} INFO - Poking for key : s3://camera/latest.jpg
[2025-10-31T09:41:59.981+0000] {s3.py:117} INFO - Poking for key : s3://camera/latest.jpg
[2025-10-31T09:42:04.985+0000] {s3.py:117} INFO - Poking for key : s3://camera/latest.jpg
[2025-10-31T09:42:09.989+0000] {s3.py:117} INFO - Poking for key : s3://camera/latest.jpg
[2025-10-31T09:42:14.993+0000] {s3.py:117} INFO - Poking for key : s3://camera/latest.jpg
[2025-10-31T09:42:19.996+0000] {s3.py:117} INFO - Poking for key : s3://camera/latest.jpg
[2025-10-31T09:42:23.361+0000] {s3.py:117} INFO - Poking for key : s3://camera/latest.jpg
[2025-10-31T09:42:28.365+0000] {s3.py:117} INFO - Poking for key : s3://camera/latest.jpg
[2025-10-31T09:42:33.369+0000] {s3.py:117} INFO - Poking for key : s3://camera/latest.jpg
[2025-10-31T09:42:38.372+0000] {s3.py:117} INFO - Poking for key : s3://camera/latest.jpg
[2025-10-31T09:42:43.375+0000] {s3.py:117} INFO - Poking for key : s3://camera/latest.jpg
[2025-10-31T09:42:48.380+0000] {s3.py:117} INFO - Poking for key : s3://camera/latest.jpg
[2025-10-31T09:42:51.749+0000] {s3.py:117} INFO - Poking for key : s3://camera/latest.jpg
[2025-10-31T09:42:51.753+0000] {taskinstance.py:441} INFO - ::group::Post task execution logs
[2025-10-31T09:42:51.754+0000] {taskinstance.py:2905} ERROR - Task failed with exception
Traceback (most recent call last):
  File "/home/airflow/.local/lib/python3.12/site-packages/airflow/models/taskinstance.py", line 465, in _execute_task
    result = _execute_callable(context=context, **execute_callable_kwargs)
             ^^^^^^^^^^^^^^^^^^^^^^^^^^^^^^^^^^^^^^^^^^^^^^^^^^^^^^^^^^^^^
  File "/home/airflow/.local/lib/python3.12/site-packages/airflow/models/taskinstance.py", line 432, in _execute_callable
    return execute_callable(context=context, **execute_callable_kwargs)
           ^^^^^^^^^^^^^^^^^^^^^^^^^^^^^^^^^^^^^^^^^^^^^^^^^^^^^^^^^^^^
  File "/home/airflow/.local/lib/python3.12/site-packages/airflow/models/baseoperator.py", line 401, in wrapper
    return func(self, *args, **kwargs)
           ^^^^^^^^^^^^^^^^^^^^^^^^^^^
  File "/home/airflow/.local/lib/python3.12/site-packages/airflow/providers/amazon/aws/sensors/s3.py", line 183, in execute
    super().execute(context)
  File "/home/airflow/.local/lib/python3.12/site-packages/airflow/models/baseoperator.py", line 401, in wrapper
    return func(self, *args, **kwargs)
           ^^^^^^^^^^^^^^^^^^^^^^^^^^^
  File "/home/airflow/.local/lib/python3.12/site-packages/airflow/sensors/base.py", line 281, in execute
    raise AirflowSensorTimeout(message)
airflow.exceptions.AirflowSensorTimeout: Sensor has timed out; run duration of 601.0934793699998 seconds exceeds the specified timeout of 600.0.
[2025-10-31T09:42:51.777+0000] {taskinstance.py:1206} INFO - Immediate failure requested. Marking task as FAILED. dag_id=s3_camera_to_infer, task_id=wait_s3_latest_jpg, run_id=manual__2025-10-31T09:33:20.073751+00:00, execution_date=20251031T093320, start_date=20251031T093321, end_date=20251031T094251
[2025-10-31T09:42:51.829+0000] {standard_task_runner.py:110} ERROR - Failed to execute job 5 for task wait_s3_latest_jpg (Sensor has timed out; run duration of 601.0934793699998 seconds exceeds the specified timeout of 600.0.; 452)
[2025-10-31T09:42:51.857+0000] {local_task_job_runner.py:240} INFO - Task exited with return code 1
[2025-10-31T09:42:51.893+0000] {taskinstance.py:3503} INFO - 0 downstream tasks scheduled from follow-on schedule check
[2025-10-31T09:42:51.898+0000] {local_task_job_runner.py:222} INFO - ::endgroup::
